2024-05-31 15:58:21,839 DEBUG    root            Loaded Command Group: ['gcloud', 'auth']
2024-05-31 15:58:21,863 DEBUG    root            Loaded Command Group: ['gcloud', 'auth', 'login']
2024-05-31 15:58:21,866 DEBUG    root            Running [gcloud.auth.login] with arguments: []
2024-05-31 15:58:25,271 DEBUG    requests_oauthlib.oauth2_session Generated new state 2JhgxhpMvkSbTxIcRCH12h26bAaJdd.
2024-05-31 15:58:25,272 INFO     ___FILE_ONLY___ Go to the following link in your browser, and complete the sign-in prompts:

    https://accounts.google.com/o/oauth2/auth?response_type=code&client_id=32555940559.apps.googleusercontent.com&redirect_uri=https%3A%2F%2Fsdk.cloud.google.com%2Fauthcode.html&scope=openid+https%3A%2F%2Fwww.googleapis.com%2Fauth%2Fuserinfo.email+https%3A%2F%2Fwww.googleapis.com%2Fauth%2Fcloud-platform+https%3A%2F%2Fwww.googleapis.com%2Fauth%2Fappengine.admin+https%3A%2F%2Fwww.googleapis.com%2Fauth%2Fsqlservice.login+https%3A%2F%2Fwww.googleapis.com%2Fauth%2Fcompute+https%3A%2F%2Fwww.googleapis.com%2Fauth%2Faccounts.reauth&state=2JhgxhpMvkSbTxIcRCH12h26bAaJdd&prompt=consent&token_usage=remote&access_type=offline&code_challenge=k1mgR44yH1oOHbGXlxWJga994GP8gGJp96rEk49xbOQ&code_challenge_method=S256


2024-05-31 15:59:46,028 DEBUG    requests_oauthlib.oauth2_session Requesting url https://oauth2.googleapis.com/token using method POST.
2024-05-31 15:59:46,028 DEBUG    requests_oauthlib.oauth2_session Supplying headers {b'Accept': b'application/json', b'Content-Type': b'application/x-www-form-urlencoded;charset=UTF-8', b'user-agent': b'google-cloud-sdk gcloud/476.0.0 command/gcloud.auth.login invocation-id/b1f516a753fc4f58bf2d225e04246e3c environment/GCE environment-version/None client-os/LINUX client-os-ver/5.15.0 client-pltf-arch/x86_64 interactive/True from-script/False python/3.11.8 term/xterm-256color (Linux 5.15.0-1060-gcp)'} and data {'grant_type': 'authorization_code', 'client_id': '32555940559.apps.googleusercontent.com', 'client_secret': 'ZmssLNjJy2998hD4CTg2ejr2', 'code': '4/0AdLIrYclp2mFNHaqxhF25j9Bu5UiCilA6ugnpDlwVdAwrr2gc7X7R9qupNOJyrH78mnSyg', 'redirect_uri': 'https://sdk.cloud.google.com/authcode.html', 'code_verifier': 'YblU6OqjAy9b.rJ0y.LTQcQBmY3KHB_xtrLnAmNzd9WpJkglYPshofF3xNammbhxis03CdSMKz3YuT84wTA_rMklIYXCEMeqx9xnd85jkQlBaUKvOBhH2EaRcaM8Flti'}
2024-05-31 15:59:46,028 DEBUG    requests_oauthlib.oauth2_session Passing through key word arguments {'json': None, 'timeout': None, 'auth': None, 'verify': None, 'proxies': None}.
2024-05-31 15:59:46,030 DEBUG    urllib3.connectionpool Starting new HTTPS connection (1): oauth2.googleapis.com:443
2024-05-31 15:59:46,341 DEBUG    urllib3.connectionpool https://oauth2.googleapis.com:443 "POST /token HTTP/1.1" 200 None
2024-05-31 15:59:46,359 DEBUG    requests_oauthlib.oauth2_session Prepared fetch token request body grant_type=authorization_code&client_id=32555940559.apps.googleusercontent.com&client_secret=ZmssLNjJy2998hD4CTg2ejr2&code=4%2F0AdLIrYclp2mFNHaqxhF25j9Bu5UiCilA6ugnpDlwVdAwrr2gc7X7R9qupNOJyrH78mnSyg&redirect_uri=https%3A%2F%2Fsdk.cloud.google.com%2Fauthcode.html&code_verifier=YblU6OqjAy9b.rJ0y.LTQcQBmY3KHB_xtrLnAmNzd9WpJkglYPshofF3xNammbhxis03CdSMKz3YuT84wTA_rMklIYXCEMeqx9xnd85jkQlBaUKvOBhH2EaRcaM8Flti
2024-05-31 15:59:46,359 DEBUG    requests_oauthlib.oauth2_session Request to fetch token completed with status 200.
2024-05-31 15:59:46,359 DEBUG    requests_oauthlib.oauth2_session Request headers were {'user-agent': b'google-cloud-sdk gcloud/476.0.0 command/gcloud.auth.login invocation-id/b1f516a753fc4f58bf2d225e04246e3c environment/GCE environment-version/None client-os/LINUX client-os-ver/5.15.0 client-pltf-arch/x86_64 interactive/True from-script/False python/3.11.8 term/xterm-256color (Linux 5.15.0-1060-gcp)', 'Accept-Encoding': 'gzip, deflate', 'Accept': b'application/json', 'Connection': 'keep-alive', 'Content-Type': b'application/x-www-form-urlencoded;charset=UTF-8', 'Content-Length': '405'}
2024-05-31 15:59:46,359 DEBUG    requests_oauthlib.oauth2_session Request body was grant_type=authorization_code&client_id=32555940559.apps.googleusercontent.com&client_secret=ZmssLNjJy2998hD4CTg2ejr2&code=4%2F0AdLIrYclp2mFNHaqxhF25j9Bu5UiCilA6ugnpDlwVdAwrr2gc7X7R9qupNOJyrH78mnSyg&redirect_uri=https%3A%2F%2Fsdk.cloud.google.com%2Fauthcode.html&code_verifier=YblU6OqjAy9b.rJ0y.LTQcQBmY3KHB_xtrLnAmNzd9WpJkglYPshofF3xNammbhxis03CdSMKz3YuT84wTA_rMklIYXCEMeqx9xnd85jkQlBaUKvOBhH2EaRcaM8Flti
2024-05-31 15:59:46,359 DEBUG    requests_oauthlib.oauth2_session Response headers were {'Date': 'Fri, 31 May 2024 15:59:46 GMT', 'Expires': 'Mon, 01 Jan 1990 00:00:00 GMT', 'Cache-Control': 'no-cache, no-store, max-age=0, must-revalidate', 'Pragma': 'no-cache', 'Content-Type': 'application/json; charset=utf-8', 'Vary': 'Origin, X-Origin, Referer', 'Content-Encoding': 'gzip', 'Server': 'scaffolding on HTTPServer2', 'X-XSS-Protection': '0', 'X-Frame-Options': 'SAMEORIGIN', 'X-Content-Type-Options': 'nosniff', 'Transfer-Encoding': 'chunked'} and content {
  "access_token": "ya29.a0AXooCgsNrTfXUp-E3Vowswn4jGNzlCzINKjHtyRcwtVIZfJ8wv82x4VIfRNW74K4OXRX6_8lmAsHpnIZotQbYoTp_ssAfO-NFJg5Sn8uBPaG0IZJ04pueffZ2VFX_8U4uKTHWmtMy8h-IibHYio9hoDPmKnc1i2O_wrAiMuC9QaCgYKAXgSARESFQHGX2MiDQ_HjEO_gnghvCuPbXYdEg0177",
  "expires_in": 3599,
  "refresh_token": "1//0g8vHp43gNLAUCgYIARAAGBASNwF-L9Ir83cIsm4HCUNBwPBS0Y6qKhNy-OJ3pjqpMlqwH6kGtem7CGQ3W96zE9-LZFz-6exzssI",
  "scope": "openid https://www.googleapis.com/auth/sqlservice.login https://www.googleapis.com/auth/appengine.admin https://www.googleapis.com/auth/userinfo.email https://www.googleapis.com/auth/accounts.reauth https://www.googleapis.com/auth/cloud-platform https://www.googleapis.com/auth/compute",
  "token_type": "Bearer",
  "id_token": "eyJhbGciOiJSUzI1NiIsImtpZCI6IjY3MTk2NzgzNTFhNWZhZWRjMmU3MDI3NGJiZWE2MmRhMmE4YzRhMTIiLCJ0eXAiOiJKV1QifQ.eyJpc3MiOiJodHRwczovL2FjY291bnRzLmdvb2dsZS5jb20iLCJhenAiOiIzMjU1NTk0MDU1OS5hcHBzLmdvb2dsZXVzZXJjb250ZW50LmNvbSIsImF1ZCI6IjMyNTU1OTQwNTU5LmFwcHMuZ29vZ2xldXNlcmNvbnRlbnQuY29tIiwic3ViIjoiMTAwNjE4NjQwMDUzNDA5NTMyMzIxIiwiZW1haWwiOiJzYWhpdGhjaGFuZEBnbWFpbC5jb20iLCJlbWFpbF92ZXJpZmllZCI6dHJ1ZSwiYXRfaGFzaCI6IktlVHdhSE1LSlZFc1g3SWNoaXBfOGciLCJpYXQiOjE3MTcxNzExODYsImV4cCI6MTcxNzE3NDc4Nn0.kUq2DlzyzrMHvvCoJQcWuJX6iLAueNNpKGGnXlLRt5p9lc5FNKVHcEVYq_1Em48Ua9wLEwtOLeLWlLyHqWrbmRxq3FKzS3hwWwjvMpZpSRYljEx0l4v_cVhY5BnNMKZe6sL2m890A-YzmD83wB49QGNBWZdDr8WKC3rPvcVLLgXwsp1SvHudQ95PbGlJiHVVm9Ua5KCQcWIdh0WMiRmURs2GImSMXe_DJJBvtSxtdjh-TT2EDkCTAkS1wCmuNve9fc_eUFvFlgRTF6hDyL6C7I-VM6EuxySxCQxDFHtRChXYZhWVuPDk5BpSPM_RIKVrkeQXhneaDX9uVQW_0O2XSA"
}.
2024-05-31 15:59:46,359 DEBUG    requests_oauthlib.oauth2_session Invoking 0 token response hooks.
2024-05-31 15:59:46,359 DEBUG    requests_oauthlib.oauth2_session Obtained token {'access_token': 'ya29.a0AXooCgsNrTfXUp-E3Vowswn4jGNzlCzINKjHtyRcwtVIZfJ8wv82x4VIfRNW74K4OXRX6_8lmAsHpnIZotQbYoTp_ssAfO-NFJg5Sn8uBPaG0IZJ04pueffZ2VFX_8U4uKTHWmtMy8h-IibHYio9hoDPmKnc1i2O_wrAiMuC9QaCgYKAXgSARESFQHGX2MiDQ_HjEO_gnghvCuPbXYdEg0177', 'expires_in': 3599, 'refresh_token': '1//0g8vHp43gNLAUCgYIARAAGBASNwF-L9Ir83cIsm4HCUNBwPBS0Y6qKhNy-OJ3pjqpMlqwH6kGtem7CGQ3W96zE9-LZFz-6exzssI', 'scope': ['openid', 'https://www.googleapis.com/auth/sqlservice.login', 'https://www.googleapis.com/auth/appengine.admin', 'https://www.googleapis.com/auth/userinfo.email', 'https://www.googleapis.com/auth/accounts.reauth', 'https://www.googleapis.com/auth/cloud-platform', 'https://www.googleapis.com/auth/compute'], 'token_type': 'Bearer', 'id_token': 'eyJhbGciOiJSUzI1NiIsImtpZCI6IjY3MTk2NzgzNTFhNWZhZWRjMmU3MDI3NGJiZWE2MmRhMmE4YzRhMTIiLCJ0eXAiOiJKV1QifQ.eyJpc3MiOiJodHRwczovL2FjY291bnRzLmdvb2dsZS5jb20iLCJhenAiOiIzMjU1NTk0MDU1OS5hcHBzLmdvb2dsZXVzZXJjb250ZW50LmNvbSIsImF1ZCI6IjMyNTU1OTQwNTU5LmFwcHMuZ29vZ2xldXNlcmNvbnRlbnQuY29tIiwic3ViIjoiMTAwNjE4NjQwMDUzNDA5NTMyMzIxIiwiZW1haWwiOiJzYWhpdGhjaGFuZEBnbWFpbC5jb20iLCJlbWFpbF92ZXJpZmllZCI6dHJ1ZSwiYXRfaGFzaCI6IktlVHdhSE1LSlZFc1g3SWNoaXBfOGciLCJpYXQiOjE3MTcxNzExODYsImV4cCI6MTcxNzE3NDc4Nn0.kUq2DlzyzrMHvvCoJQcWuJX6iLAueNNpKGGnXlLRt5p9lc5FNKVHcEVYq_1Em48Ua9wLEwtOLeLWlLyHqWrbmRxq3FKzS3hwWwjvMpZpSRYljEx0l4v_cVhY5BnNMKZe6sL2m890A-YzmD83wB49QGNBWZdDr8WKC3rPvcVLLgXwsp1SvHudQ95PbGlJiHVVm9Ua5KCQcWIdh0WMiRmURs2GImSMXe_DJJBvtSxtdjh-TT2EDkCTAkS1wCmuNve9fc_eUFvFlgRTF6hDyL6C7I-VM6EuxySxCQxDFHtRChXYZhWVuPDk5BpSPM_RIKVrkeQXhneaDX9uVQW_0O2XSA', 'expires_at': 1717174785.3596826}.
2024-05-31 15:59:46,419 INFO     ___FILE_ONLY___ 
You are now logged in as [sahithchand@gmail.com].
Your current project is [durable-sound-424715-q2].  You can change this setting by running:
  $ gcloud config set project PROJECT_ID

2024-05-31 15:59:46,420 DEBUG    root            Chosen display Format:none
2024-05-31 15:59:46,420 INFO     root            Display format: "none"
2024-05-31 15:59:46,506 DEBUG    root            SDK update checks are disabled.
